#
# There is insufficient memory for the Java Runtime Environment to continue.
# Native memory allocation (malloc) failed to allocate 1073741824 bytes for committing reserved memory.
# Possible reasons:
#   The system is out of physical RAM or swap space
#   In 32 bit mode, the process size limit was hit
# Possible solutions:
#   Reduce memory load on the system
#   Increase physical memory or swap space
#   Check if swap backing store is full
#   Use 64 bit Java on a 64 bit OS
#   Decrease Java heap size (-Xmx/-Xms)
#   Decrease number of Java threads
#   Decrease Java thread stack sizes (-Xss)
#   Set larger code cache with -XX:ReservedCodeCacheSize=
# This output file may be truncated or incomplete.
#
#  Out of Memory Error (os_linux.cpp:2809), pid=3891, tid=3064015680
#
# JRE version:  (7.0_79-b14) (build )
# Java VM: OpenJDK Client VM (24.79-b02 mixed mode, sharing linux-x86 )
# Derivative: IcedTea 2.5.5
# Distribution: Ubuntu 14.04 LTS, package 7u79-2.5.5-0ubuntu0.14.04.2
# Failed to write core dump. Core dumps have been disabled. To enable core dumping, try "ulimit -c unlimited" before starting Java again
#

---------------  T H R E A D  ---------------

Current thread (0xb6807800):  JavaThread "Unknown thread" [_thread_in_vm, id=3910, stack(0xb69c2000,0xb6a13000)]

Stack: [0xb69c2000,0xb6a13000]

---------------  P R O C E S S  ---------------

Java Threads: ( => current thread )

Other Threads:

=>0xb6807800 (exited) JavaThread "Unknown thread" [_thread_in_vm, id=3910, stack(0xb69c2000,0xb6a13000)]

VM state:not at safepoint (not fully initialized)

VM Mutex/Monitor currently owned by a thread: None

GC Heap History (0 events):
No events

Deoptimization events (0 events):
No events

Internal exceptions (0 events):
No events

Events (0 events):
No events


Dynamic libraries:
08048000-08049000 r-xp 00000000 08:01 262156     /usr/lib/jvm/java-7-openjdk-i386/jre/bin/java
08049000-0804a000 r--p 00000000 08:01 262156     /usr/lib/jvm/java-7-openjdk-i386/jre/bin/java
0804a000-0804b000 rw-p 00001000 08:01 262156     /usr/lib/jvm/java-7-openjdk-i386/jre/bin/java
0827e000-0829f000 rw-p 00000000 00:00 0          [heap]
22800000-42800000 rw-p 00000000 00:00 0 
82800000-94600000 rw-p 00000000 00:00 0 
b43f4000-b44f4000 rw-p 00000000 00:00 0 
b44f4000-b477f000 rw-p 00000000 00:00 0 
b477f000-b4781000 rw-p 00000000 00:00 0 
b4781000-b4800000 rw-p 00000000 00:00 0 
b4800000-b4828000 rwxp 00000000 00:00 0 
b4828000-b6821000 rw-p 00000000 00:00 0 
b6821000-b6900000 ---p 00000000 00:00 0 
b6933000-b693b000 r-xp 00000000 08:01 262197     /usr/lib/jvm/java-7-openjdk-i386/jre/lib/i386/libzip.so
b693b000-b693c000 r--p 00007000 08:01 262197     /usr/lib/jvm/java-7-openjdk-i386/jre/lib/i386/libzip.so
b693c000-b693d000 rw-p 00008000 08:01 262197     /usr/lib/jvm/java-7-openjdk-i386/jre/lib/i386/libzip.so
b693d000-b6948000 r-xp 00000000 08:01 3254       /lib/i386-linux-gnu/libnss_files-2.19.so
b6948000-b6949000 r--p 0000a000 08:01 3254       /lib/i386-linux-gnu/libnss_files-2.19.so
b6949000-b694a000 rw-p 0000b000 08:01 3254       /lib/i386-linux-gnu/libnss_files-2.19.so
b694a000-b6954000 r-xp 00000000 08:01 3165       /lib/i386-linux-gnu/libnss_nis-2.19.so
b6954000-b6955000 r--p 00009000 08:01 3165       /lib/i386-linux-gnu/libnss_nis-2.19.so
b6955000-b6956000 rw-p 0000a000 08:01 3165       /lib/i386-linux-gnu/libnss_nis-2.19.so
b6956000-b696b000 r-xp 00000000 08:01 3230       /lib/i386-linux-gnu/libnsl-2.19.so
b696b000-b696c000 r--p 00015000 08:01 3230       /lib/i386-linux-gnu/libnsl-2.19.so
b696c000-b696d000 rw-p 00016000 08:01 3230       /lib/i386-linux-gnu/libnsl-2.19.so
b696d000-b696f000 rw-p 00000000 00:00 0 
b696f000-b6976000 r-xp 00000000 08:01 3110       /lib/i386-linux-gnu/libnss_compat-2.19.so
b6976000-b6977000 r--p 00006000 08:01 3110       /lib/i386-linux-gnu/libnss_compat-2.19.so
b6977000-b6978000 rw-p 00007000 08:01 3110       /lib/i386-linux-gnu/libnss_compat-2.19.so
b6978000-b6980000 rw-s 00000000 08:01 393230     /tmp/hsperfdata_vagrant/3891
b6980000-b69a7000 r-xp 00000000 08:01 262192     /usr/lib/jvm/java-7-openjdk-i386/jre/lib/i386/libjava.so
b69a7000-b69a8000 r--p 00026000 08:01 262192     /usr/lib/jvm/java-7-openjdk-i386/jre/lib/i386/libjava.so
b69a8000-b69a9000 rw-p 00027000 08:01 262192     /usr/lib/jvm/java-7-openjdk-i386/jre/lib/i386/libjava.so
b69a9000-b69b7000 r-xp 00000000 08:01 262218     /usr/lib/jvm/java-7-openjdk-i386/jre/lib/i386/libverify.so
b69b7000-b69b8000 r--p 0000d000 08:01 262218     /usr/lib/jvm/java-7-openjdk-i386/jre/lib/i386/libverify.so
b69b8000-b69b9000 rw-p 0000e000 08:01 262218     /usr/lib/jvm/java-7-openjdk-i386/jre/lib/i386/libverify.so
b69b9000-b69c0000 r-xp 00000000 08:01 3176       /lib/i386-linux-gnu/librt-2.19.so
b69c0000-b69c1000 r--p 00006000 08:01 3176       /lib/i386-linux-gnu/librt-2.19.so
b69c1000-b69c2000 rw-p 00007000 08:01 3176       /lib/i386-linux-gnu/librt-2.19.so
b69c2000-b69c5000 ---p 00000000 00:00 0 
b69c5000-b6a13000 rw-p 00000000 00:00 0          [stack:3910]
b6a13000-b6a2f000 r-xp 00000000 08:01 3291       /lib/i386-linux-gnu/libgcc_s.so.1
b6a2f000-b6a30000 rw-p 0001b000 08:01 3291       /lib/i386-linux-gnu/libgcc_s.so.1
b6a30000-b6a74000 r-xp 00000000 08:01 3242       /lib/i386-linux-gnu/libm-2.19.so
b6a74000-b6a75000 r--p 00043000 08:01 3242       /lib/i386-linux-gnu/libm-2.19.so
b6a75000-b6a76000 rw-p 00044000 08:01 3242       /lib/i386-linux-gnu/libm-2.19.so
b6a76000-b6b52000 r-xp 00000000 08:01 29770      /usr/lib/i386-linux-gnu/libstdc++.so.6.0.19
b6b52000-b6b53000 ---p 000dc000 08:01 29770      /usr/lib/i386-linux-gnu/libstdc++.so.6.0.19
b6b53000-b6b57000 r--p 000dc000 08:01 29770      /usr/lib/i386-linux-gnu/libstdc++.so.6.0.19
b6b57000-b6b58000 rw-p 000e0000 08:01 29770      /usr/lib/i386-linux-gnu/libstdc++.so.6.0.19
b6b58000-b6b5f000 rw-p 00000000 00:00 0 
b6b5f000-b7189000 r-xp 00000000 08:01 262208     /usr/lib/jvm/java-7-openjdk-i386/jre/lib/i386/client/libjvm.so
b7189000-b718a000 ---p 0062a000 08:01 262208     /usr/lib/jvm/java-7-openjdk-i386/jre/lib/i386/client/libjvm.so
b718a000-b71a0000 r--p 0062a000 08:01 262208     /usr/lib/jvm/java-7-openjdk-i386/jre/lib/i386/client/libjvm.so
b71a0000-b71af000 rw-p 00640000 08:01 262208     /usr/lib/jvm/java-7-openjdk-i386/jre/lib/i386/client/libjvm.so
b71af000-b75ca000 rw-p 00000000 00:00 0 
b75ca000-b75e2000 r-xp 00000000 08:01 3099       /lib/i386-linux-gnu/libz.so.1.2.8
b75e2000-b75e3000 r--p 00017000 08:01 3099       /lib/i386-linux-gnu/libz.so.1.2.8
b75e3000-b75e4000 rw-p 00018000 08:01 3099       /lib/i386-linux-gnu/libz.so.1.2.8
b75e4000-b75fc000 r-xp 00000000 08:01 3121       /lib/i386-linux-gnu/libpthread-2.19.so
b75fc000-b75fd000 r--p 00018000 08:01 3121       /lib/i386-linux-gnu/libpthread-2.19.so
b75fd000-b75fe000 rw-p 00019000 08:01 3121       /lib/i386-linux-gnu/libpthread-2.19.so
b75fe000-b7600000 rw-p 00000000 00:00 0 
b7600000-b7603000 r-xp 00000000 08:01 3171       /lib/i386-linux-gnu/libdl-2.19.so
b7603000-b7604000 r--p 00002000 08:01 3171       /lib/i386-linux-gnu/libdl-2.19.so
b7604000-b7605000 rw-p 00003000 08:01 3171       /lib/i386-linux-gnu/libdl-2.19.so
b7605000-b77ad000 r-xp 00000000 08:01 3148       /lib/i386-linux-gnu/libc-2.19.so
b77ad000-b77af000 r--p 001a8000 08:01 3148       /lib/i386-linux-gnu/libc-2.19.so
b77af000-b77b0000 rw-p 001aa000 08:01 3148       /lib/i386-linux-gnu/libc-2.19.so
b77b0000-b77b3000 rw-p 00000000 00:00 0 
b77b9000-b77ba000 rw-p 00000000 00:00 0 
b77ba000-b77bb000 r--p 00000000 00:00 0 
b77bb000-b77c7000 r-xp 00000000 08:01 262201     /usr/lib/jvm/java-7-openjdk-i386/jre/lib/i386/jli/libjli.so
b77c7000-b77c8000 r--p 0000c000 08:01 262201     /usr/lib/jvm/java-7-openjdk-i386/jre/lib/i386/jli/libjli.so
b77c8000-b77c9000 rw-p 0000d000 08:01 262201     /usr/lib/jvm/java-7-openjdk-i386/jre/lib/i386/jli/libjli.so
b77c9000-b77cc000 rw-p 00000000 00:00 0 
b77cc000-b77cd000 r-xp 00000000 00:00 0          [vdso]
b77cd000-b77ed000 r-xp 00000000 08:01 3104       /lib/i386-linux-gnu/ld-2.19.so
b77ed000-b77ee000 r--p 0001f000 08:01 3104       /lib/i386-linux-gnu/ld-2.19.so
b77ee000-b77ef000 rw-p 00020000 08:01 3104       /lib/i386-linux-gnu/ld-2.19.so
bfadf000-bfae0000 rwxp 00000000 00:00 0 
bfb12000-bfb33000 rw-p 00000000 00:00 0          [stack]

VM Arguments:
jvm_args: -Xms1536M -Xmx1536M -XX:MaxPermSize=256m 
java_command: org.apache.spark.deploy.SparkSubmit --master local[*] --conf spark.driver.memory=1536M --name PySparkShell --num-executors 12 --executor-cores 2 --executor-memory 1g pyspark-shell
Launcher Type: SUN_STANDARD

Environment Variables:
PATH=/bin:/sbin:/usr/bin:/usr/sbin:/usr/local/bin:/usr/local/sbin:/usr/local/bin/spark-1.3.1-bin-hadoop2.6/bin

Signal Handlers:
SIGSEGV: [libjvm.so+0x4e6c80], sa_mask[0]=0x7ffbfeff, sa_flags=0x10000004
SIGBUS: [libjvm.so+0x4e6c80], sa_mask[0]=0x7ffbfeff, sa_flags=0x10000004
SIGFPE: [libjvm.so+0x3c5720], sa_mask[0]=0x7ffbfeff, sa_flags=0x10000004
SIGPIPE: [libjvm.so+0x3c5720], sa_mask[0]=0x7ffbfeff, sa_flags=0x10000004
SIGXFSZ: [libjvm.so+0x3c5720], sa_mask[0]=0x7ffbfeff, sa_flags=0x10000004
SIGILL: [libjvm.so+0x3c5720], sa_mask[0]=0x7ffbfeff, sa_flags=0x10000004
SIGUSR1: SIG_DFL, sa_mask[0]=0x00000000, sa_flags=0x00000000
SIGUSR2: [libjvm.so+0x3c55b0], sa_mask[0]=0x00000000, sa_flags=0x10000004
SIGHUP: SIG_DFL, sa_mask[0]=0x00000000, sa_flags=0x00000000
SIGINT: SIG_IGN, sa_mask[0]=0x00000000, sa_flags=0x00000000
SIGTERM: SIG_DFL, sa_mask[0]=0x00000000, sa_flags=0x00000000
SIGQUIT: SIG_DFL, sa_mask[0]=0x00000000, sa_flags=0x00000000
SIGTRAP: SIG_DFL, sa_mask[0]=0x00000000, sa_flags=0x00000000


---------------  S Y S T E M  ---------------

OS:Ubuntu 14.04 (trusty)
uname:Linux 3.13.0-53-generic #89-Ubuntu SMP Wed May 20 10:34:28 UTC 2015 i686
libc:glibc 2.19 NPTL 2.19 
rlimit: STACK 8192k, CORE 0k, NPROC 16070, NOFILE 4096, AS infinity
load average:0.00 0.02 0.09

/proc/meminfo:
MemTotal:        2064260 kB
MemFree:          793696 kB
Buffers:           10100 kB
Cached:            79188 kB
SwapCached:            0 kB
Active:          1172624 kB
Inactive:          72452 kB
Active(anon):    1155956 kB
Inactive(anon):      868 kB
Active(file):      16668 kB
Inactive(file):    71584 kB
Unevictable:           0 kB
Mlocked:               0 kB
HighTotal:       1183688 kB
HighFree:         399900 kB
LowTotal:         880572 kB
LowFree:          393796 kB
SwapTotal:             0 kB
SwapFree:              0 kB
Dirty:               132 kB
Writeback:             0 kB
AnonPages:       1155852 kB
Mapped:            17068 kB
Shmem:               972 kB
Slab:              13804 kB
SReclaimable:       7336 kB
SUnreclaim:         6468 kB
KernelStack:        1408 kB
PageTables:         3548 kB
NFS_Unstable:          0 kB
Bounce:                0 kB
WritebackTmp:          0 kB
CommitLimit:     1032128 kB
Committed_AS:    2542772 kB
VmallocTotal:     122880 kB
VmallocUsed:        6248 kB
VmallocChunk:     114008 kB
HardwareCorrupted:     0 kB
AnonHugePages:    964608 kB
HugePages_Total:       0
HugePages_Free:        0
HugePages_Rsvd:        0
HugePages_Surp:        0
Hugepagesize:       2048 kB
DirectMap4k:       20472 kB
DirectMap2M:      892928 kB


CPU:total 1 (1 cores per cpu, 1 threads per core) family 6 model 69 stepping 1, cmov, cx8, fxsr, mmx, sse, sse2, sse3, ssse3, sse4.1, sse4.2, popcnt, avx, aes, tsc, tscinvbit

/proc/cpuinfo:
processor	: 0
vendor_id	: GenuineIntel
cpu family	: 6
model		: 69
model name	: Intel(R) Core(TM) i7-4578U CPU @ 3.00GHz
stepping	: 1
cpu MHz		: 2999.865
cache size	: 4096 KB
physical id	: 0
siblings	: 1
core id		: 0
cpu cores	: 1
apicid		: 0
initial apicid	: 0
fdiv_bug	: no
f00f_bug	: no
coma_bug	: no
fpu		: yes
fpu_exception	: yes
cpuid level	: 13
wp		: yes
flags		: fpu vme de pse tsc msr pae mce cx8 apic sep mtrr pge mca cmov pat pse36 clflush mmx fxsr sse sse2 syscall nx rdtscp lm constant_tsc xtopology nonstop_tsc pni pclmulqdq monitor ssse3 cx16 sse4_1 sse4_2 movbe popcnt aes xsave avx rdrand lahf_lm abm
bogomips	: 5999.73
clflush size	: 64
cache_alignment	: 64
address sizes	: 39 bits physical, 48 bits virtual
power management:



Memory: 4k page, physical 2064260k(793696k free), swap 0k(0k free)

vm_info: OpenJDK Client VM (24.79-b02) for linux-x86 JRE (1.7.0_79-b14), built on Apr 16 2015 08:27:14 by "buildd" with gcc 4.8.2

time: Mon Dec  4 07:35:13 2017
elapsed time: 0 seconds

